Arguments: 
  /usr/local/bin/node /usr/local/Cellar/yarn/1.12.1/libexec/bin/yarn.js add react-native-underline-tabbar

PATH: 
  /usr/local/bin:/usr/bin:/bin:/usr/sbin:/sbin

Yarn version: 
  1.12.1

Node version: 
  10.13.0

Platform: 
  darwin x64

Trace: 
  Error: EACCES: permission denied, unlink '/Users/dan/Documents/GarderobeApp/node_modules/react-native-custom-segmented-control/LICENSE'

npm manifest: 
  {
    "name": "GarderobeApp",
    "main": "node_modules/expo/AppEntry.js",
    "private": true,
    "scripts": {
      "start": "expo start",
      "android": "expo start --android",
      "ios": "expo start --ios",
      "eject": "expo eject",
      "test": "node ./node_modules/jest/bin/jest.js --watchAll"
    },
    "jest": {
      "preset": "jest-expo"
    },
    "dependencies": {
      "@expo/samples": "2.1.1",
      "expo": "^30.0.2",
      "firebase": "^5.5.7",
      "react": "16.3.1",
      "react-native": "https://github.com/expo/react-native/archive/sdk-30.0.0.tar.gz",
      "react-native-custom-segmented-control": "^3.1.0",
      "react-native-elements": "^1.0.0-beta7",
      "react-navigation": "^2.18.2",
      "top-bar-nav": "^1.2.2"
    },
    "devDependencies": {
      "eslint": "^5.8.0",
      "jest": "^23.6.0",
      "jest-expo": "30.0.0",
      "react-test-renderer": "^16.6.1"
    }
  }

yarn manifest: 
  No manifest

Lockfile: 
  No lockfile
